#-----------------------------------------------------------
# Vivado v2024.2 (64-bit)
# SW Build 5239630 on Fri Nov 08 22:34:34 MST 2024
# IP Build 5239520 on Sun Nov 10 16:12:51 MST 2024
# SharedData Build 5239561 on Fri Nov 08 14:39:27 MST 2024
# Start of session at: Fri Jan 16 12:29:02 2026
# Process ID         : 16857
# Current directory  : /media/user23/data/OV7670_verilog/OV7670_verilog.srcs/sources_1/new
# Command line       : vivado
# Log file           : /media/user23/data/OV7670_verilog/OV7670_verilog.srcs/sources_1/new/vivado.log
# Journal file       : /media/user23/data/OV7670_verilog/OV7670_verilog.srcs/sources_1/new/vivado.jou
# Running On         : user23-B80KV-AP35BKE
# Platform           : Ubuntu
# Operating System   : Ubuntu 24.04.3 LTS
# Processor Detail   : 13th Gen Intel(R) Core(TM) i5-13400
# CPU Frequency      : 800.000 MHz
# CPU Physical cores : 10
# CPU Logical cores  : 16
# Host memory        : 16497 MB
# Swap memory        : 32000 MB
# Total Virtual      : 48498 MB
# Available Virtual  : 44705 MB
#-----------------------------------------------------------
start_gui
open_project /media/user23/data/OV7670_verilog/OV7670_verilog.xpr
Scanning sources...
Finished scanning sources
INFO: [IP_Flow 19-234] Refreshing IP repositories
INFO: [IP_Flow 19-1704] No user IP repositories specified
INFO: [IP_Flow 19-2313] Loaded Vivado IP repository '/media/user23/data/tools/xilinx/Vivado/2024.2/data/ip'.
open_project: Time (s): cpu = 00:00:07 ; elapsed = 00:00:08 . Memory (MB): peak = 7708.336 ; gain = 221.562 ; free physical = 5582 ; free virtual = 42054
update_compile_order -fileset sources_1
reset_run impl_1 -prev_step 
launch_runs impl_1 -to_step write_bitstream -jobs 8
[Fri Jan 16 14:44:21 2026] Launched impl_1...
Run output will be captured here: /media/user23/data/OV7670_verilog/OV7670_verilog.runs/impl_1/runme.log
open_hw_manager
connect_hw_server -allow_non_jtag
INFO: [Labtools 27-2285] Connecting to hw_server url TCP:localhost:3121
INFO: [Labtools 27-2222] Launching hw_server...
INFO: [Labtools 27-2221] Launch Output:

****** Xilinx hw_server v2024.2
  **** Build date : Oct 29 2024 at 10:16:47
    ** Copyright 1986-2022 Xilinx, Inc. All Rights Reserved.


INFO: [Labtools 27-3415] Connecting to cs_server url TCP:localhost:0
INFO: [Labtools 27-3417] Launching cs_server...
INFO: [Labtools 27-2221] Launch Output:


******** Xilinx cs_server v2024.2.0
  ****** Build date   : Oct 31 2024-03:19:07
    **** Build number : 2024.2.1730312347
      ** Copyright 2017-2022 Xilinx, Inc. All Rights Reserved.
      ** Copyright 2022-2026 Advanced Micro Devices, Inc. All Rights Reserved.



open_hw_target
INFO: [Labtoolstcl 44-466] Opening hw_target localhost:3121/xilinx_tcf/Digilent/210183BCBEADA
set_property PROGRAM.FILE {/media/user23/data/OV7670_verilog/OV7670_verilog.runs/impl_1/OV7670_TOP_MODULE.bit} [get_hw_devices xc7a35t_0]
current_hw_device [get_hw_devices xc7a35t_0]
refresh_hw_device -update_hw_probes false [lindex [get_hw_devices xc7a35t_0] 0]
INFO: [Labtools 27-1435] Device xc7a35t (JTAG device index = 0) is not programmed (DONE status = 0).
set_property PROBES.FILE {} [get_hw_devices xc7a35t_0]
set_property FULL_PROBES.FILE {} [get_hw_devices xc7a35t_0]
set_property PROGRAM.FILE {/media/user23/data/OV7670_verilog/OV7670_verilog.runs/impl_1/OV7670_TOP_MODULE.bit} [get_hw_devices xc7a35t_0]
program_hw_devices [get_hw_devices xc7a35t_0]
INFO: [Labtools 27-3164] End of startup status: HIGH
refresh_hw_device [lindex [get_hw_devices xc7a35t_0] 0]
INFO: [Labtools 27-1434] Device xc7a35t (JTAG device index = 0) is programmed with a design that has no supported debug core(s) in it.
WARNING: [filemgmt 56-199] Attempt to get parsing info during refresh. "On-the-fly" syntax checking information may be incorrect. [/media/user23/data/OV7670_verilog/OV7670_verilog.srcs/sources_1/new/Parallel_Top.v:]
WARNING: [filemgmt 56-199] Attempt to get parsing info during refresh. "On-the-fly" syntax checking information may be incorrect. [/media/user23/data/OV7670_verilog/OV7670_verilog.srcs/sources_1/new/OV7670_top.v:]
WARNING: [filemgmt 56-199] Attempt to get parsing info during refresh. "On-the-fly" syntax checking information may be incorrect. [/media/user23/data/OV7670_verilog/OV7670_verilog.srcs/sources_1/new/OV7670_top.v:]
WARNING: [filemgmt 56-199] Attempt to get parsing info during refresh. "On-the-fly" syntax checking information may be incorrect. [/media/user23/data/OV7670_verilog/OV7670_verilog.srcs/sources_1/new/OV7670_top.v:]
WARNING: [filemgmt 56-199] Attempt to get parsing info during refresh. "On-the-fly" syntax checking information may be incorrect. [/media/user23/data/OV7670_verilog/OV7670_verilog.srcs/sources_1/new/Parallel_Top.v:]
WARNING: [filemgmt 56-199] Attempt to get parsing info during refresh. "On-the-fly" syntax checking information may be incorrect. [/media/user23/data/OV7670_verilog/OV7670_verilog.srcs/sources_1/new/OV7670_top.v:]
WARNING: [filemgmt 56-199] Attempt to get parsing info during refresh. "On-the-fly" syntax checking information may be incorrect. [/media/user23/data/OV7670_verilog/OV7670_verilog.srcs/sources_1/new/OV7670_top.v:]
WARNING: [filemgmt 56-199] Attempt to get parsing info during refresh. "On-the-fly" syntax checking information may be incorrect. [/media/user23/data/OV7670_verilog/OV7670_verilog.srcs/sources_1/new/OV7670_top.v:]
reset_run synth_1
INFO: [Project 1-1161] Replacing file /media/user23/data/OV7670_verilog/OV7670_verilog.srcs/utils_1/imports/synth_1/OV7670_top.dcp with file /media/user23/data/OV7670_verilog/OV7670_verilog.runs/synth_1/OV7670_TOP_MODULE.dcp
launch_runs impl_1 -to_step write_bitstream -jobs 8
[Fri Jan 16 14:58:06 2026] Launched synth_1...
Run output will be captured here: /media/user23/data/OV7670_verilog/OV7670_verilog.runs/synth_1/runme.log
[Fri Jan 16 14:58:06 2026] Launched impl_1...
Run output will be captured here: /media/user23/data/OV7670_verilog/OV7670_verilog.runs/impl_1/runme.log
WARNING: [filemgmt 56-199] Attempt to get parsing info during refresh. "On-the-fly" syntax checking information may be incorrect. [/media/user23/data/OV7670_verilog/OV7670_verilog.srcs/sources_1/new/Parallel_Top.v:]
WARNING: [filemgmt 56-199] Attempt to get parsing info during refresh. "On-the-fly" syntax checking information may be incorrect. [/media/user23/data/OV7670_verilog/OV7670_verilog.srcs/sources_1/new/OV7670_top.v:]
WARNING: [filemgmt 56-199] Attempt to get parsing info during refresh. "On-the-fly" syntax checking information may be incorrect. [/media/user23/data/OV7670_verilog/OV7670_verilog.srcs/sources_1/new/OV7670_top.v:]
WARNING: [filemgmt 56-199] Attempt to get parsing info during refresh. "On-the-fly" syntax checking information may be incorrect. [/media/user23/data/OV7670_verilog/OV7670_verilog.srcs/sources_1/new/OV7670_top.v:]
set_property PROBES.FILE {} [get_hw_devices xc7a35t_0]
set_property FULL_PROBES.FILE {} [get_hw_devices xc7a35t_0]
set_property PROGRAM.FILE {/media/user23/data/OV7670_verilog/OV7670_verilog.runs/impl_1/OV7670_TOP_MODULE.bit} [get_hw_devices xc7a35t_0]
program_hw_devices [get_hw_devices xc7a35t_0]
INFO: [Labtools 27-3164] End of startup status: HIGH
refresh_hw_device [lindex [get_hw_devices xc7a35t_0] 0]
INFO: [Labtools 27-1434] Device xc7a35t (JTAG device index = 0) is programmed with a design that has no supported debug core(s) in it.
WARNING: [filemgmt 56-199] Attempt to get parsing info during refresh. "On-the-fly" syntax checking information may be incorrect. [/media/user23/data/OV7670_verilog/OV7670_verilog.srcs/sources_1/new/Parallel_Top.v:]
WARNING: [filemgmt 56-199] Attempt to get parsing info during refresh. "On-the-fly" syntax checking information may be incorrect. [/media/user23/data/OV7670_verilog/OV7670_verilog.srcs/sources_1/new/OV7670_top.v:]
WARNING: [filemgmt 56-199] Attempt to get parsing info during refresh. "On-the-fly" syntax checking information may be incorrect. [/media/user23/data/OV7670_verilog/OV7670_verilog.srcs/sources_1/new/OV7670_top.v:]
WARNING: [filemgmt 56-199] Attempt to get parsing info during refresh. "On-the-fly" syntax checking information may be incorrect. [/media/user23/data/OV7670_verilog/OV7670_verilog.srcs/sources_1/new/OV7670_top.v:]
WARNING: [filemgmt 56-199] Attempt to get parsing info during refresh. "On-the-fly" syntax checking information may be incorrect. [/media/user23/data/OV7670_verilog/OV7670_verilog.srcs/sources_1/new/Parallel_Top.v:]
WARNING: [filemgmt 56-199] Attempt to get parsing info during refresh. "On-the-fly" syntax checking information may be incorrect. [/media/user23/data/OV7670_verilog/OV7670_verilog.srcs/sources_1/new/OV7670_top.v:]
WARNING: [filemgmt 56-199] Attempt to get parsing info during refresh. "On-the-fly" syntax checking information may be incorrect. [/media/user23/data/OV7670_verilog/OV7670_verilog.srcs/sources_1/new/OV7670_top.v:]
WARNING: [filemgmt 56-199] Attempt to get parsing info during refresh. "On-the-fly" syntax checking information may be incorrect. [/media/user23/data/OV7670_verilog/OV7670_verilog.srcs/sources_1/new/OV7670_top.v:]
WARNING: [filemgmt 56-199] Attempt to get parsing info during refresh. "On-the-fly" syntax checking information may be incorrect. [/media/user23/data/OV7670_verilog/OV7670_verilog.srcs/sources_1/new/Parallel_Top.v:]
WARNING: [filemgmt 56-199] Attempt to get parsing info during refresh. "On-the-fly" syntax checking information may be incorrect. [/media/user23/data/OV7670_verilog/OV7670_verilog.srcs/sources_1/new/OV7670_top.v:]
WARNING: [filemgmt 56-199] Attempt to get parsing info during refresh. "On-the-fly" syntax checking information may be incorrect. [/media/user23/data/OV7670_verilog/OV7670_verilog.srcs/sources_1/new/OV7670_top.v:]
WARNING: [filemgmt 56-199] Attempt to get parsing info during refresh. "On-the-fly" syntax checking information may be incorrect. [/media/user23/data/OV7670_verilog/OV7670_verilog.srcs/sources_1/new/OV7670_top.v:]
reset_run synth_1
INFO: [Project 1-1161] Replacing file /media/user23/data/OV7670_verilog/OV7670_verilog.srcs/utils_1/imports/synth_1/OV7670_top.dcp with file /media/user23/data/OV7670_verilog/OV7670_verilog.runs/synth_1/OV7670_TOP_MODULE.dcp
launch_runs impl_1 -to_step write_bitstream -jobs 8
[Fri Jan 16 15:08:03 2026] Launched synth_1...
Run output will be captured here: /media/user23/data/OV7670_verilog/OV7670_verilog.runs/synth_1/runme.log
[Fri Jan 16 15:08:03 2026] Launched impl_1...
Run output will be captured here: /media/user23/data/OV7670_verilog/OV7670_verilog.runs/impl_1/runme.log
WARNING: [filemgmt 56-199] Attempt to get parsing info during refresh. "On-the-fly" syntax checking information may be incorrect. [/media/user23/data/OV7670_verilog/OV7670_verilog.srcs/sources_1/new/Parallel_Top.v:]
WARNING: [filemgmt 56-199] Attempt to get parsing info during refresh. "On-the-fly" syntax checking information may be incorrect. [/media/user23/data/OV7670_verilog/OV7670_verilog.srcs/sources_1/new/OV7670_top.v:]
WARNING: [filemgmt 56-199] Attempt to get parsing info during refresh. "On-the-fly" syntax checking information may be incorrect. [/media/user23/data/OV7670_verilog/OV7670_verilog.srcs/sources_1/new/OV7670_top.v:]
WARNING: [filemgmt 56-199] Attempt to get parsing info during refresh. "On-the-fly" syntax checking information may be incorrect. [/media/user23/data/OV7670_verilog/OV7670_verilog.srcs/sources_1/new/OV7670_top.v:]
set_property PROBES.FILE {} [get_hw_devices xc7a35t_0]
set_property FULL_PROBES.FILE {} [get_hw_devices xc7a35t_0]
set_property PROGRAM.FILE {/media/user23/data/OV7670_verilog/OV7670_verilog.runs/impl_1/OV7670_TOP_MODULE.bit} [get_hw_devices xc7a35t_0]
program_hw_devices [get_hw_devices xc7a35t_0]
INFO: [Labtools 27-3164] End of startup status: HIGH
refresh_hw_device [lindex [get_hw_devices xc7a35t_0] 0]
INFO: [Labtools 27-1434] Device xc7a35t (JTAG device index = 0) is programmed with a design that has no supported debug core(s) in it.
open_run impl_1
INFO: [Device 21-403] Loading part xc7a35tcpg236-1
Netlist sorting complete. Time (s): cpu = 00:00:00 ; elapsed = 00:00:00 . Memory (MB): peak = 8149.121 ; gain = 0.000 ; free physical = 3211 ; free virtual = 40502
INFO: [Netlist 29-17] Analyzing 9 Unisim elements for replacement
INFO: [Netlist 29-28] Unisim Transformation completed in 0 CPU seconds
INFO: [Project 1-479] Netlist was created with Vivado 2024.2
INFO: [Project 1-570] Preparing netlist for logic optimization
Read ShapeDB Complete: Time (s): cpu = 00:00:00 ; elapsed = 00:00:00 . Memory (MB): peak = 8205.996 ; gain = 0.000 ; free physical = 3147 ; free virtual = 40417
INFO: [Timing 38-478] Restoring timing data from binary archive.
INFO: [Timing 38-479] Binary timing data restore complete.
INFO: [Project 1-856] Restoring constraints from binary archive.
INFO: [Project 1-853] Binary constraint restore complete.
INFO: [Designutils 20-5722] Start Reading Physical Databases.
Reading placement.
Read Netlist Cache: Time (s): cpu = 00:00:00 ; elapsed = 00:00:00 . Memory (MB): peak = 8804.168 ; gain = 0.000 ; free physical = 2659 ; free virtual = 39927
Reading placer database...
Read Device Cache: Time (s): cpu = 00:00:00 ; elapsed = 00:00:00 . Memory (MB): peak = 8804.168 ; gain = 0.000 ; free physical = 2658 ; free virtual = 39926
Read PlaceDB: Time (s): cpu = 00:00:00.01 ; elapsed = 00:00:00.01 . Memory (MB): peak = 8804.168 ; gain = 0.000 ; free physical = 2658 ; free virtual = 39926
Read PulsedLatchDB: Time (s): cpu = 00:00:00 ; elapsed = 00:00:00 . Memory (MB): peak = 8804.168 ; gain = 0.000 ; free physical = 2658 ; free virtual = 39926
Reading routing.
Read RouteStorage: Time (s): cpu = 00:00:00.01 ; elapsed = 00:00:00 . Memory (MB): peak = 8804.168 ; gain = 0.000 ; free physical = 2658 ; free virtual = 39926
Read Physdb Files: Time (s): cpu = 00:00:00.02 ; elapsed = 00:00:00.01 . Memory (MB): peak = 8804.168 ; gain = 0.000 ; free physical = 2658 ; free virtual = 39926
Restored from archive | CPU: 0.020000 secs | Memory: 0.426224 MB |
Finished XDEF File Restore: Time (s): cpu = 00:00:00.02 ; elapsed = 00:00:00.01 . Memory (MB): peak = 8804.168 ; gain = 0.000 ; free physical = 2658 ; free virtual = 39926
Netlist sorting complete. Time (s): cpu = 00:00:00 ; elapsed = 00:00:00 . Memory (MB): peak = 8804.168 ; gain = 0.000 ; free physical = 2658 ; free virtual = 39926
INFO: [Project 1-111] Unisim Transformation Summary:
No Unisim elements were transformed.

open_run: Time (s): cpu = 00:00:14 ; elapsed = 00:00:08 . Memory (MB): peak = 9118.637 ; gain = 1095.797 ; free physical = 2336 ; free virtual = 39610
close_design
WARNING: [filemgmt 56-199] Attempt to get parsing info during refresh. "On-the-fly" syntax checking information may be incorrect. [/media/user23/data/OV7670_verilog/OV7670_verilog.srcs/sources_1/new/Parallel_Top.v:]
WARNING: [filemgmt 56-199] Attempt to get parsing info during refresh. "On-the-fly" syntax checking information may be incorrect. [/media/user23/data/OV7670_verilog/OV7670_verilog.srcs/sources_1/new/OV7670_top.v:]
WARNING: [filemgmt 56-199] Attempt to get parsing info during refresh. "On-the-fly" syntax checking information may be incorrect. [/media/user23/data/OV7670_verilog/OV7670_verilog.srcs/sources_1/new/OV7670_top.v:]
WARNING: [filemgmt 56-199] Attempt to get parsing info during refresh. "On-the-fly" syntax checking information may be incorrect. [/media/user23/data/OV7670_verilog/OV7670_verilog.srcs/sources_1/new/OV7670_top.v:]
WARNING: [filemgmt 56-199] Attempt to get parsing info during refresh. "On-the-fly" syntax checking information may be incorrect. [/media/user23/data/OV7670_verilog/OV7670_verilog.srcs/sources_1/new/Parallel_Top.v:]
WARNING: [filemgmt 56-199] Attempt to get parsing info during refresh. "On-the-fly" syntax checking information may be incorrect. [/media/user23/data/OV7670_verilog/OV7670_verilog.srcs/sources_1/new/OV7670_top.v:]
WARNING: [filemgmt 56-199] Attempt to get parsing info during refresh. "On-the-fly" syntax checking information may be incorrect. [/media/user23/data/OV7670_verilog/OV7670_verilog.srcs/sources_1/new/OV7670_top.v:]
WARNING: [filemgmt 56-199] Attempt to get parsing info during refresh. "On-the-fly" syntax checking information may be incorrect. [/media/user23/data/OV7670_verilog/OV7670_verilog.srcs/sources_1/new/OV7670_top.v:]
WARNING: [filemgmt 56-199] Attempt to get parsing info during refresh. "On-the-fly" syntax checking information may be incorrect. [/media/user23/data/OV7670_verilog/OV7670_verilog.srcs/sources_1/new/Parallel_Top.v:]
WARNING: [filemgmt 56-199] Attempt to get parsing info during refresh. "On-the-fly" syntax checking information may be incorrect. [/media/user23/data/OV7670_verilog/OV7670_verilog.srcs/sources_1/new/OV7670_top.v:]
WARNING: [filemgmt 56-199] Attempt to get parsing info during refresh. "On-the-fly" syntax checking information may be incorrect. [/media/user23/data/OV7670_verilog/OV7670_verilog.srcs/sources_1/new/OV7670_top.v:]
WARNING: [filemgmt 56-199] Attempt to get parsing info during refresh. "On-the-fly" syntax checking information may be incorrect. [/media/user23/data/OV7670_verilog/OV7670_verilog.srcs/sources_1/new/OV7670_top.v:]
close_hw_manager
reset_run synth_1
INFO: [Project 1-1161] Replacing file /media/user23/data/OV7670_verilog/OV7670_verilog.srcs/utils_1/imports/synth_1/OV7670_top.dcp with file /media/user23/data/OV7670_verilog/OV7670_verilog.runs/synth_1/OV7670_TOP_MODULE.dcp
launch_runs impl_1 -to_step write_bitstream -jobs 8
[Fri Jan 16 16:04:07 2026] Launched synth_1...
Run output will be captured here: /media/user23/data/OV7670_verilog/OV7670_verilog.runs/synth_1/runme.log
[Fri Jan 16 16:04:07 2026] Launched impl_1...
Run output will be captured here: /media/user23/data/OV7670_verilog/OV7670_verilog.runs/impl_1/runme.log
WARNING: [filemgmt 56-199] Attempt to get parsing info during refresh. "On-the-fly" syntax checking information may be incorrect. [/media/user23/data/OV7670_verilog/OV7670_verilog.srcs/sources_1/new/Parallel_Top.v:]
WARNING: [filemgmt 56-199] Attempt to get parsing info during refresh. "On-the-fly" syntax checking information may be incorrect. [/media/user23/data/OV7670_verilog/OV7670_verilog.srcs/sources_1/new/OV7670_top.v:]
WARNING: [filemgmt 56-199] Attempt to get parsing info during refresh. "On-the-fly" syntax checking information may be incorrect. [/media/user23/data/OV7670_verilog/OV7670_verilog.srcs/sources_1/new/OV7670_top.v:]
WARNING: [filemgmt 56-199] Attempt to get parsing info during refresh. "On-the-fly" syntax checking information may be incorrect. [/media/user23/data/OV7670_verilog/OV7670_verilog.srcs/sources_1/new/OV7670_top.v:]
open_hw_manager
connect_hw_server -allow_non_jtag
INFO: [Labtools 27-2285] Connecting to hw_server url TCP:localhost:3121
INFO: [Labtools 27-2222] Launching hw_server...
INFO: [Labtools 27-2221] Launch Output:

****** Xilinx hw_server v2024.2
  **** Build date : Oct 29 2024 at 10:16:47
    ** Copyright 1986-2022 Xilinx, Inc. All Rights Reserved.


INFO: [Labtools 27-3415] Connecting to cs_server url TCP:localhost:0
INFO: [Labtools 27-3417] Launching cs_server...
INFO: [Labtools 27-2221] Launch Output:


******** Xilinx cs_server v2024.2.0
  ****** Build date   : Oct 31 2024-03:19:07
    **** Build number : 2024.2.1730312347
      ** Copyright 2017-2022 Xilinx, Inc. All Rights Reserved.
      ** Copyright 2022-2026 Advanced Micro Devices, Inc. All Rights Reserved.



open_hw_target
INFO: [Labtoolstcl 44-466] Opening hw_target localhost:3121/xilinx_tcf/Digilent/210183BCBEADA
set_property PROGRAM.FILE {/media/user23/data/OV7670_verilog/OV7670_verilog.runs/impl_1/OV7670_TOP_MODULE.bit} [get_hw_devices xc7a35t_0]
current_hw_device [get_hw_devices xc7a35t_0]
refresh_hw_device -update_hw_probes false [lindex [get_hw_devices xc7a35t_0] 0]
INFO: [Labtools 27-1434] Device xc7a35t (JTAG device index = 0) is programmed with a design that has no supported debug core(s) in it.
set_property PROBES.FILE {} [get_hw_devices xc7a35t_0]
set_property FULL_PROBES.FILE {} [get_hw_devices xc7a35t_0]
set_property PROGRAM.FILE {/media/user23/data/OV7670_verilog/OV7670_verilog.runs/impl_1/OV7670_TOP_MODULE.bit} [get_hw_devices xc7a35t_0]
program_hw_devices [get_hw_devices xc7a35t_0]
INFO: [Labtools 27-3164] End of startup status: HIGH
refresh_hw_device [lindex [get_hw_devices xc7a35t_0] 0]
INFO: [Labtools 27-1434] Device xc7a35t (JTAG device index = 0) is programmed with a design that has no supported debug core(s) in it.
close_hw_manager
WARNING: [filemgmt 56-199] Attempt to get parsing info during refresh. "On-the-fly" syntax checking information may be incorrect. [/media/user23/data/OV7670_verilog/OV7670_verilog.srcs/sources_1/new/Parallel_Top.v:]
WARNING: [filemgmt 56-199] Attempt to get parsing info during refresh. "On-the-fly" syntax checking information may be incorrect. [/media/user23/data/OV7670_verilog/OV7670_verilog.srcs/sources_1/new/OV7670_top.v:]
WARNING: [filemgmt 56-199] Attempt to get parsing info during refresh. "On-the-fly" syntax checking information may be incorrect. [/media/user23/data/OV7670_verilog/OV7670_verilog.srcs/sources_1/new/OV7670_top.v:]
WARNING: [filemgmt 56-199] Attempt to get parsing info during refresh. "On-the-fly" syntax checking information may be incorrect. [/media/user23/data/OV7670_verilog/OV7670_verilog.srcs/sources_1/new/OV7670_top.v:]
reset_run synth_1
INFO: [Project 1-1161] Replacing file /media/user23/data/OV7670_verilog/OV7670_verilog.srcs/utils_1/imports/synth_1/OV7670_top.dcp with file /media/user23/data/OV7670_verilog/OV7670_verilog.runs/synth_1/OV7670_TOP_MODULE.dcp
launch_runs impl_1 -to_step write_bitstream -jobs 8
[Fri Jan 16 16:07:38 2026] Launched synth_1...
Run output will be captured here: /media/user23/data/OV7670_verilog/OV7670_verilog.runs/synth_1/runme.log
[Fri Jan 16 16:07:39 2026] Launched impl_1...
Run output will be captured here: /media/user23/data/OV7670_verilog/OV7670_verilog.runs/impl_1/runme.log
WARNING: [filemgmt 56-199] Attempt to get parsing info during refresh. "On-the-fly" syntax checking information may be incorrect. [/media/user23/data/OV7670_verilog/OV7670_verilog.srcs/sources_1/new/Parallel_Top.v:]
WARNING: [filemgmt 56-199] Attempt to get parsing info during refresh. "On-the-fly" syntax checking information may be incorrect. [/media/user23/data/OV7670_verilog/OV7670_verilog.srcs/sources_1/new/OV7670_top.v:]
WARNING: [filemgmt 56-199] Attempt to get parsing info during refresh. "On-the-fly" syntax checking information may be incorrect. [/media/user23/data/OV7670_verilog/OV7670_verilog.srcs/sources_1/new/OV7670_top.v:]
WARNING: [filemgmt 56-199] Attempt to get parsing info during refresh. "On-the-fly" syntax checking information may be incorrect. [/media/user23/data/OV7670_verilog/OV7670_verilog.srcs/sources_1/new/OV7670_top.v:]
open_hw_manager
connect_hw_server -allow_non_jtag
INFO: [Labtools 27-2285] Connecting to hw_server url TCP:localhost:3121
INFO: [Labtools 27-2222] Launching hw_server...
INFO: [Labtools 27-2221] Launch Output:

****** Xilinx hw_server v2024.2
  **** Build date : Oct 29 2024 at 10:16:47
    ** Copyright 1986-2022 Xilinx, Inc. All Rights Reserved.


INFO: [Labtools 27-3415] Connecting to cs_server url TCP:localhost:0
INFO: [Labtools 27-3417] Launching cs_server...
INFO: [Labtools 27-2221] Launch Output:


******** Xilinx cs_server v2024.2.0
  ****** Build date   : Oct 31 2024-03:19:07
    **** Build number : 2024.2.1730312347
      ** Copyright 2017-2022 Xilinx, Inc. All Rights Reserved.
      ** Copyright 2022-2026 Advanced Micro Devices, Inc. All Rights Reserved.



open_hw_target
INFO: [Labtoolstcl 44-466] Opening hw_target localhost:3121/xilinx_tcf/Digilent/210183BCBEADA
set_property PROGRAM.FILE {/media/user23/data/OV7670_verilog/OV7670_verilog.runs/impl_1/OV7670_TOP_MODULE.bit} [get_hw_devices xc7a35t_0]
current_hw_device [get_hw_devices xc7a35t_0]
refresh_hw_device -update_hw_probes false [lindex [get_hw_devices xc7a35t_0] 0]
INFO: [Labtools 27-1434] Device xc7a35t (JTAG device index = 0) is programmed with a design that has no supported debug core(s) in it.
set_property PROBES.FILE {} [get_hw_devices xc7a35t_0]
set_property FULL_PROBES.FILE {} [get_hw_devices xc7a35t_0]
set_property PROGRAM.FILE {/media/user23/data/OV7670_verilog/OV7670_verilog.runs/impl_1/OV7670_TOP_MODULE.bit} [get_hw_devices xc7a35t_0]
program_hw_devices [get_hw_devices xc7a35t_0]
INFO: [Labtools 27-3164] End of startup status: HIGH
refresh_hw_device [lindex [get_hw_devices xc7a35t_0] 0]
INFO: [Labtools 27-1434] Device xc7a35t (JTAG device index = 0) is programmed with a design that has no supported debug core(s) in it.
WARNING: [filemgmt 56-199] Attempt to get parsing info during refresh. "On-the-fly" syntax checking information may be incorrect. [/media/user23/data/OV7670_verilog/OV7670_verilog.srcs/sources_1/new/Parallel_Top.v:]
WARNING: [filemgmt 56-199] Attempt to get parsing info during refresh. "On-the-fly" syntax checking information may be incorrect. [/media/user23/data/OV7670_verilog/OV7670_verilog.srcs/sources_1/new/OV7670_top.v:]
WARNING: [filemgmt 56-199] Attempt to get parsing info during refresh. "On-the-fly" syntax checking information may be incorrect. [/media/user23/data/OV7670_verilog/OV7670_verilog.srcs/sources_1/new/OV7670_top.v:]
WARNING: [filemgmt 56-199] Attempt to get parsing info during refresh. "On-the-fly" syntax checking information may be incorrect. [/media/user23/data/OV7670_verilog/OV7670_verilog.srcs/sources_1/new/OV7670_top.v:]
reset_run synth_1
INFO: [Project 1-1161] Replacing file /media/user23/data/OV7670_verilog/OV7670_verilog.srcs/utils_1/imports/synth_1/OV7670_top.dcp with file /media/user23/data/OV7670_verilog/OV7670_verilog.runs/synth_1/OV7670_TOP_MODULE.dcp
launch_runs impl_1 -to_step write_bitstream -jobs 8
[Fri Jan 16 16:27:31 2026] Launched synth_1...
Run output will be captured here: /media/user23/data/OV7670_verilog/OV7670_verilog.runs/synth_1/runme.log
[Fri Jan 16 16:27:31 2026] Launched impl_1...
Run output will be captured here: /media/user23/data/OV7670_verilog/OV7670_verilog.runs/impl_1/runme.log
WARNING: [filemgmt 56-199] Attempt to get parsing info during refresh. "On-the-fly" syntax checking information may be incorrect. [/media/user23/data/OV7670_verilog/OV7670_verilog.srcs/sources_1/new/Parallel_Top.v:]
WARNING: [filemgmt 56-199] Attempt to get parsing info during refresh. "On-the-fly" syntax checking information may be incorrect. [/media/user23/data/OV7670_verilog/OV7670_verilog.srcs/sources_1/new/OV7670_top.v:]
WARNING: [filemgmt 56-199] Attempt to get parsing info during refresh. "On-the-fly" syntax checking information may be incorrect. [/media/user23/data/OV7670_verilog/OV7670_verilog.srcs/sources_1/new/OV7670_top.v:]
WARNING: [filemgmt 56-199] Attempt to get parsing info during refresh. "On-the-fly" syntax checking information may be incorrect. [/media/user23/data/OV7670_verilog/OV7670_verilog.srcs/sources_1/new/OV7670_top.v:]
set_property PROBES.FILE {} [get_hw_devices xc7a35t_0]
set_property FULL_PROBES.FILE {} [get_hw_devices xc7a35t_0]
set_property PROGRAM.FILE {/media/user23/data/OV7670_verilog/OV7670_verilog.runs/impl_1/OV7670_TOP_MODULE.bit} [get_hw_devices xc7a35t_0]
program_hw_devices [get_hw_devices xc7a35t_0]
INFO: [Labtools 27-3164] End of startup status: HIGH
refresh_hw_device [lindex [get_hw_devices xc7a35t_0] 0]
INFO: [Labtools 27-1434] Device xc7a35t (JTAG device index = 0) is programmed with a design that has no supported debug core(s) in it.
WARNING: [filemgmt 56-199] Attempt to get parsing info during refresh. "On-the-fly" syntax checking information may be incorrect. [/media/user23/data/OV7670_verilog/OV7670_verilog.srcs/sources_1/new/Parallel_Top.v:]
WARNING: [filemgmt 56-199] Attempt to get parsing info during refresh. "On-the-fly" syntax checking information may be incorrect. [/media/user23/data/OV7670_verilog/OV7670_verilog.srcs/sources_1/new/OV7670_top.v:]
WARNING: [filemgmt 56-199] Attempt to get parsing info during refresh. "On-the-fly" syntax checking information may be incorrect. [/media/user23/data/OV7670_verilog/OV7670_verilog.srcs/sources_1/new/OV7670_top.v:]
WARNING: [filemgmt 56-199] Attempt to get parsing info during refresh. "On-the-fly" syntax checking information may be incorrect. [/media/user23/data/OV7670_verilog/OV7670_verilog.srcs/sources_1/new/OV7670_top.v:]
reset_run synth_1
INFO: [Project 1-1161] Replacing file /media/user23/data/OV7670_verilog/OV7670_verilog.srcs/utils_1/imports/synth_1/OV7670_top.dcp with file /media/user23/data/OV7670_verilog/OV7670_verilog.runs/synth_1/OV7670_TOP_MODULE.dcp
launch_runs impl_1 -to_step write_bitstream -jobs 8
[Fri Jan 16 16:31:24 2026] Launched synth_1...
Run output will be captured here: /media/user23/data/OV7670_verilog/OV7670_verilog.runs/synth_1/runme.log
[Fri Jan 16 16:31:24 2026] Launched impl_1...
Run output will be captured here: /media/user23/data/OV7670_verilog/OV7670_verilog.runs/impl_1/runme.log
WARNING: [filemgmt 56-199] Attempt to get parsing info during refresh. "On-the-fly" syntax checking information may be incorrect. [/media/user23/data/OV7670_verilog/OV7670_verilog.srcs/sources_1/new/Parallel_Top.v:]
WARNING: [filemgmt 56-199] Attempt to get parsing info during refresh. "On-the-fly" syntax checking information may be incorrect. [/media/user23/data/OV7670_verilog/OV7670_verilog.srcs/sources_1/new/OV7670_top.v:]
WARNING: [filemgmt 56-199] Attempt to get parsing info during refresh. "On-the-fly" syntax checking information may be incorrect. [/media/user23/data/OV7670_verilog/OV7670_verilog.srcs/sources_1/new/OV7670_top.v:]
WARNING: [filemgmt 56-199] Attempt to get parsing info during refresh. "On-the-fly" syntax checking information may be incorrect. [/media/user23/data/OV7670_verilog/OV7670_verilog.srcs/sources_1/new/OV7670_top.v:]
set_property PROBES.FILE {} [get_hw_devices xc7a35t_0]
set_property FULL_PROBES.FILE {} [get_hw_devices xc7a35t_0]
set_property PROGRAM.FILE {/media/user23/data/OV7670_verilog/OV7670_verilog.runs/impl_1/OV7670_TOP_MODULE.bit} [get_hw_devices xc7a35t_0]
program_hw_devices [get_hw_devices xc7a35t_0]
INFO: [Labtools 27-3164] End of startup status: HIGH
refresh_hw_device [lindex [get_hw_devices xc7a35t_0] 0]
INFO: [Labtools 27-1434] Device xc7a35t (JTAG device index = 0) is programmed with a design that has no supported debug core(s) in it.
WARNING: [filemgmt 56-199] Attempt to get parsing info during refresh. "On-the-fly" syntax checking information may be incorrect. [/media/user23/data/OV7670_verilog/OV7670_verilog.srcs/sources_1/new/Parallel_Top.v:]
WARNING: [filemgmt 56-199] Attempt to get parsing info during refresh. "On-the-fly" syntax checking information may be incorrect. [/media/user23/data/OV7670_verilog/OV7670_verilog.srcs/sources_1/new/OV7670_top.v:]
WARNING: [filemgmt 56-199] Attempt to get parsing info during refresh. "On-the-fly" syntax checking information may be incorrect. [/media/user23/data/OV7670_verilog/OV7670_verilog.srcs/sources_1/new/OV7670_top.v:]
WARNING: [filemgmt 56-199] Attempt to get parsing info during refresh. "On-the-fly" syntax checking information may be incorrect. [/media/user23/data/OV7670_verilog/OV7670_verilog.srcs/sources_1/new/OV7670_top.v:]
WARNING: [filemgmt 56-199] Attempt to get parsing info during refresh. "On-the-fly" syntax checking information may be incorrect. [/media/user23/data/OV7670_verilog/OV7670_verilog.srcs/sources_1/new/Parallel_Top.v:]
WARNING: [filemgmt 56-199] Attempt to get parsing info during refresh. "On-the-fly" syntax checking information may be incorrect. [/media/user23/data/OV7670_verilog/OV7670_verilog.srcs/sources_1/new/OV7670_top.v:]
WARNING: [filemgmt 56-199] Attempt to get parsing info during refresh. "On-the-fly" syntax checking information may be incorrect. [/media/user23/data/OV7670_verilog/OV7670_verilog.srcs/sources_1/new/OV7670_top.v:]
WARNING: [filemgmt 56-199] Attempt to get parsing info during refresh. "On-the-fly" syntax checking information may be incorrect. [/media/user23/data/OV7670_verilog/OV7670_verilog.srcs/sources_1/new/OV7670_top.v:]
WARNING: [filemgmt 56-199] Attempt to get parsing info during refresh. "On-the-fly" syntax checking information may be incorrect. [/media/user23/data/OV7670_verilog/OV7670_verilog.srcs/sources_1/new/Parallel_Top.v:]
WARNING: [filemgmt 56-199] Attempt to get parsing info during refresh. "On-the-fly" syntax checking information may be incorrect. [/media/user23/data/OV7670_verilog/OV7670_verilog.srcs/sources_1/new/OV7670_top.v:]
WARNING: [filemgmt 56-199] Attempt to get parsing info during refresh. "On-the-fly" syntax checking information may be incorrect. [/media/user23/data/OV7670_verilog/OV7670_verilog.srcs/sources_1/new/OV7670_top.v:]
WARNING: [filemgmt 56-199] Attempt to get parsing info during refresh. "On-the-fly" syntax checking information may be incorrect. [/media/user23/data/OV7670_verilog/OV7670_verilog.srcs/sources_1/new/OV7670_top.v:]
WARNING: [filemgmt 56-199] Attempt to get parsing info during refresh. "On-the-fly" syntax checking information may be incorrect. [/media/user23/data/OV7670_verilog/OV7670_verilog.srcs/sources_1/new/Parallel_Top.v:]
WARNING: [filemgmt 56-199] Attempt to get parsing info during refresh. "On-the-fly" syntax checking information may be incorrect. [/media/user23/data/OV7670_verilog/OV7670_verilog.srcs/sources_1/new/OV7670_top.v:]
WARNING: [filemgmt 56-199] Attempt to get parsing info during refresh. "On-the-fly" syntax checking information may be incorrect. [/media/user23/data/OV7670_verilog/OV7670_verilog.srcs/sources_1/new/OV7670_top.v:]
WARNING: [filemgmt 56-199] Attempt to get parsing info during refresh. "On-the-fly" syntax checking information may be incorrect. [/media/user23/data/OV7670_verilog/OV7670_verilog.srcs/sources_1/new/OV7670_top.v:]
WARNING: [filemgmt 56-199] Attempt to get parsing info during refresh. "On-the-fly" syntax checking information may be incorrect. [/media/user23/data/OV7670_verilog/OV7670_verilog.srcs/sources_1/new/Parallel_Top.v:]
WARNING: [filemgmt 56-199] Attempt to get parsing info during refresh. "On-the-fly" syntax checking information may be incorrect. [/media/user23/data/OV7670_verilog/OV7670_verilog.srcs/sources_1/new/OV7670_top.v:]
WARNING: [filemgmt 56-199] Attempt to get parsing info during refresh. "On-the-fly" syntax checking information may be incorrect. [/media/user23/data/OV7670_verilog/OV7670_verilog.srcs/sources_1/new/OV7670_top.v:]
WARNING: [filemgmt 56-199] Attempt to get parsing info during refresh. "On-the-fly" syntax checking information may be incorrect. [/media/user23/data/OV7670_verilog/OV7670_verilog.srcs/sources_1/new/OV7670_top.v:]
close_hw_manager
reset_run synth_1
INFO: [Project 1-1161] Replacing file /media/user23/data/OV7670_verilog/OV7670_verilog.srcs/utils_1/imports/synth_1/OV7670_top.dcp with file /media/user23/data/OV7670_verilog/OV7670_verilog.runs/synth_1/OV7670_TOP_MODULE.dcp
launch_runs impl_1 -to_step write_bitstream -jobs 8
[Fri Jan 16 16:46:07 2026] Launched synth_1...
Run output will be captured here: /media/user23/data/OV7670_verilog/OV7670_verilog.runs/synth_1/runme.log
[Fri Jan 16 16:46:07 2026] Launched impl_1...
Run output will be captured here: /media/user23/data/OV7670_verilog/OV7670_verilog.runs/impl_1/runme.log
WARNING: [filemgmt 56-199] Attempt to get parsing info during refresh. "On-the-fly" syntax checking information may be incorrect. [/media/user23/data/OV7670_verilog/OV7670_verilog.srcs/sources_1/new/Parallel_Top.v:]
WARNING: [filemgmt 56-199] Attempt to get parsing info during refresh. "On-the-fly" syntax checking information may be incorrect. [/media/user23/data/OV7670_verilog/OV7670_verilog.srcs/sources_1/new/OV7670_top.v:]
WARNING: [filemgmt 56-199] Attempt to get parsing info during refresh. "On-the-fly" syntax checking information may be incorrect. [/media/user23/data/OV7670_verilog/OV7670_verilog.srcs/sources_1/new/OV7670_top.v:]
WARNING: [filemgmt 56-199] Attempt to get parsing info during refresh. "On-the-fly" syntax checking information may be incorrect. [/media/user23/data/OV7670_verilog/OV7670_verilog.srcs/sources_1/new/OV7670_top.v:]
open_hw_manager
connect_hw_server -allow_non_jtag
INFO: [Labtools 27-2285] Connecting to hw_server url TCP:localhost:3121
INFO: [Labtools 27-2222] Launching hw_server...
INFO: [Labtools 27-2221] Launch Output:

****** Xilinx hw_server v2024.2
  **** Build date : Oct 29 2024 at 10:16:47
    ** Copyright 1986-2022 Xilinx, Inc. All Rights Reserved.


INFO: [Labtools 27-3415] Connecting to cs_server url TCP:localhost:0
INFO: [Labtools 27-3417] Launching cs_server...
INFO: [Labtools 27-2221] Launch Output:


******** Xilinx cs_server v2024.2.0
  ****** Build date   : Oct 31 2024-03:19:07
    **** Build number : 2024.2.1730312347
      ** Copyright 2017-2022 Xilinx, Inc. All Rights Reserved.
      ** Copyright 2022-2026 Advanced Micro Devices, Inc. All Rights Reserved.



open_hw_target
INFO: [Labtoolstcl 44-466] Opening hw_target localhost:3121/xilinx_tcf/Digilent/210183BCBEADA
set_property PROGRAM.FILE {/media/user23/data/OV7670_verilog/OV7670_verilog.runs/impl_1/OV7670_TOP_MODULE.bit} [get_hw_devices xc7a35t_0]
current_hw_device [get_hw_devices xc7a35t_0]
refresh_hw_device -update_hw_probes false [lindex [get_hw_devices xc7a35t_0] 0]
INFO: [Labtools 27-1434] Device xc7a35t (JTAG device index = 0) is programmed with a design that has no supported debug core(s) in it.
set_property PROBES.FILE {} [get_hw_devices xc7a35t_0]
set_property FULL_PROBES.FILE {} [get_hw_devices xc7a35t_0]
set_property PROGRAM.FILE {/media/user23/data/OV7670_verilog/OV7670_verilog.runs/impl_1/OV7670_TOP_MODULE.bit} [get_hw_devices xc7a35t_0]
program_hw_devices [get_hw_devices xc7a35t_0]
INFO: [Labtools 27-3164] End of startup status: HIGH
refresh_hw_device [lindex [get_hw_devices xc7a35t_0] 0]
INFO: [Labtools 27-1434] Device xc7a35t (JTAG device index = 0) is programmed with a design that has no supported debug core(s) in it.
close_hw_manager
WARNING: [filemgmt 56-199] Attempt to get parsing info during refresh. "On-the-fly" syntax checking information may be incorrect. [/media/user23/data/OV7670_verilog/OV7670_verilog.srcs/sources_1/new/Parallel_Top.v:]
WARNING: [filemgmt 56-199] Attempt to get parsing info during refresh. "On-the-fly" syntax checking information may be incorrect. [/media/user23/data/OV7670_verilog/OV7670_verilog.srcs/sources_1/new/OV7670_top.v:]
WARNING: [filemgmt 56-199] Attempt to get parsing info during refresh. "On-the-fly" syntax checking information may be incorrect. [/media/user23/data/OV7670_verilog/OV7670_verilog.srcs/sources_1/new/OV7670_top.v:]
WARNING: [filemgmt 56-199] Attempt to get parsing info during refresh. "On-the-fly" syntax checking information may be incorrect. [/media/user23/data/OV7670_verilog/OV7670_verilog.srcs/sources_1/new/OV7670_top.v:]
close [ open /media/user23/data/OV7670_verilog/OV7670_verilog.srcs/sources_1/new/vga_top.v w ]
add_files /media/user23/data/OV7670_verilog/OV7670_verilog.srcs/sources_1/new/vga_top.v
WARNING: [filemgmt 56-199] Attempt to get parsing info during refresh. "On-the-fly" syntax checking information may be incorrect. [/media/user23/data/OV7670_verilog/OV7670_verilog.srcs/sources_1/new/Parallel_Top.v:]
WARNING: [filemgmt 56-199] Attempt to get parsing info during refresh. "On-the-fly" syntax checking information may be incorrect. [/media/user23/data/OV7670_verilog/OV7670_verilog.srcs/sources_1/new/OV7670_top.v:]
WARNING: [filemgmt 56-199] Attempt to get parsing info during refresh. "On-the-fly" syntax checking information may be incorrect. [/media/user23/data/OV7670_verilog/OV7670_verilog.srcs/sources_1/new/OV7670_top.v:]
WARNING: [filemgmt 56-199] Attempt to get parsing info during refresh. "On-the-fly" syntax checking information may be incorrect. [/media/user23/data/OV7670_verilog/OV7670_verilog.srcs/sources_1/new/OV7670_top.v:]
WARNING: [filemgmt 56-199] Attempt to get parsing info during refresh. "On-the-fly" syntax checking information may be incorrect. [/media/user23/data/OV7670_verilog/OV7670_verilog.srcs/sources_1/new/Parallel_Top.v:]
WARNING: [filemgmt 56-199] Attempt to get parsing info during refresh. "On-the-fly" syntax checking information may be incorrect. [/media/user23/data/OV7670_verilog/OV7670_verilog.srcs/sources_1/new/OV7670_top.v:]
WARNING: [filemgmt 56-199] Attempt to get parsing info during refresh. "On-the-fly" syntax checking information may be incorrect. [/media/user23/data/OV7670_verilog/OV7670_verilog.srcs/sources_1/new/OV7670_top.v:]
WARNING: [filemgmt 56-199] Attempt to get parsing info during refresh. "On-the-fly" syntax checking information may be incorrect. [/media/user23/data/OV7670_verilog/OV7670_verilog.srcs/sources_1/new/OV7670_top.v:]
update_compile_order -fileset sources_1
WARNING: [filemgmt 56-199] Attempt to get parsing info during refresh. "On-the-fly" syntax checking information may be incorrect. [/media/user23/data/OV7670_verilog/OV7670_verilog.srcs/sources_1/new/Parallel_Top.v:]
WARNING: [filemgmt 56-199] Attempt to get parsing info during refresh. "On-the-fly" syntax checking information may be incorrect. [/media/user23/data/OV7670_verilog/OV7670_verilog.srcs/sources_1/new/OV7670_top.v:]
WARNING: [filemgmt 56-199] Attempt to get parsing info during refresh. "On-the-fly" syntax checking information may be incorrect. [/media/user23/data/OV7670_verilog/OV7670_verilog.srcs/sources_1/new/OV7670_top.v:]
WARNING: [filemgmt 56-199] Attempt to get parsing info during refresh. "On-the-fly" syntax checking information may be incorrect. [/media/user23/data/OV7670_verilog/OV7670_verilog.srcs/sources_1/new/OV7670_top.v:]
WARNING: [filemgmt 56-199] Attempt to get parsing info during refresh. "On-the-fly" syntax checking information may be incorrect. [/media/user23/data/OV7670_verilog/OV7670_verilog.srcs/sources_1/new/Parallel_Top.v:]
WARNING: [filemgmt 56-199] Attempt to get parsing info during refresh. "On-the-fly" syntax checking information may be incorrect. [/media/user23/data/OV7670_verilog/OV7670_verilog.srcs/sources_1/new/OV7670_top.v:]
WARNING: [filemgmt 56-199] Attempt to get parsing info during refresh. "On-the-fly" syntax checking information may be incorrect. [/media/user23/data/OV7670_verilog/OV7670_verilog.srcs/sources_1/new/vga_top.v:]
WARNING: [filemgmt 56-199] Attempt to get parsing info during refresh. "On-the-fly" syntax checking information may be incorrect. [/media/user23/data/OV7670_verilog/OV7670_verilog.srcs/sources_1/new/OV7670_top.v:]
WARNING: [filemgmt 56-199] Attempt to get parsing info during refresh. "On-the-fly" syntax checking information may be incorrect. [/media/user23/data/OV7670_verilog/OV7670_verilog.srcs/sources_1/new/OV7670_top.v:]
WARNING: [filemgmt 56-199] Attempt to get parsing info during refresh. "On-the-fly" syntax checking information may be incorrect. [/media/user23/data/OV7670_verilog/OV7670_verilog.srcs/sources_1/new/Parallel_Top.v:]
WARNING: [filemgmt 56-199] Attempt to get parsing info during refresh. "On-the-fly" syntax checking information may be incorrect. [/media/user23/data/OV7670_verilog/OV7670_verilog.srcs/sources_1/new/OV7670_top.v:]
WARNING: [filemgmt 56-199] Attempt to get parsing info during refresh. "On-the-fly" syntax checking information may be incorrect. [/media/user23/data/OV7670_verilog/OV7670_verilog.srcs/sources_1/new/vga_top.v:]
WARNING: [filemgmt 56-199] Attempt to get parsing info during refresh. "On-the-fly" syntax checking information may be incorrect. [/media/user23/data/OV7670_verilog/OV7670_verilog.srcs/sources_1/new/Parallel_Top.v:]
WARNING: [filemgmt 56-199] Attempt to get parsing info during refresh. "On-the-fly" syntax checking information may be incorrect. [/media/user23/data/OV7670_verilog/OV7670_verilog.srcs/sources_1/new/Parallel_Top.v:]
WARNING: [filemgmt 56-199] Attempt to get parsing info during refresh. "On-the-fly" syntax checking information may be incorrect. [/media/user23/data/OV7670_verilog/OV7670_verilog.srcs/sources_1/new/Parallel_Top.v:]
WARNING: [filemgmt 56-199] Attempt to get parsing info during refresh. "On-the-fly" syntax checking information may be incorrect. [/media/user23/data/OV7670_verilog/OV7670_verilog.srcs/sources_1/new/OV7670_top.v:]
WARNING: [filemgmt 56-199] Attempt to get parsing info during refresh. "On-the-fly" syntax checking information may be incorrect. [/media/user23/data/OV7670_verilog/OV7670_verilog.srcs/sources_1/new/vga_top.v:]
WARNING: [filemgmt 56-199] Attempt to get parsing info during refresh. "On-the-fly" syntax checking information may be incorrect. [/media/user23/data/OV7670_verilog/OV7670_verilog.srcs/sources_1/new/OV7670_top.v:]
WARNING: [filemgmt 56-199] Attempt to get parsing info during refresh. "On-the-fly" syntax checking information may be incorrect. [/media/user23/data/OV7670_verilog/OV7670_verilog.srcs/sources_1/new/OV7670_top.v:]
WARNING: [filemgmt 56-199] Attempt to get parsing info during refresh. "On-the-fly" syntax checking information may be incorrect. [/media/user23/data/OV7670_verilog/OV7670_verilog.srcs/sources_1/new/Parallel_Top.v:]
WARNING: [filemgmt 56-199] Attempt to get parsing info during refresh. "On-the-fly" syntax checking information may be incorrect. [/media/user23/data/OV7670_verilog/OV7670_verilog.srcs/sources_1/new/OV7670_top.v:]
WARNING: [filemgmt 56-199] Attempt to get parsing info during refresh. "On-the-fly" syntax checking information may be incorrect. [/media/user23/data/OV7670_verilog/OV7670_verilog.srcs/sources_1/new/vga_top.v:]
WARNING: [filemgmt 56-199] Attempt to get parsing info during refresh. "On-the-fly" syntax checking information may be incorrect. [/media/user23/data/OV7670_verilog/OV7670_verilog.srcs/sources_1/new/Parallel_Top.v:]
WARNING: [filemgmt 56-199] Attempt to get parsing info during refresh. "On-the-fly" syntax checking information may be incorrect. [/media/user23/data/OV7670_verilog/OV7670_verilog.srcs/sources_1/new/Parallel_Top.v:]
WARNING: [filemgmt 56-199] Attempt to get parsing info during refresh. "On-the-fly" syntax checking information may be incorrect. [/media/user23/data/OV7670_verilog/OV7670_verilog.srcs/sources_1/new/Parallel_Top.v:]
WARNING: [filemgmt 56-199] Attempt to get parsing info during refresh. "On-the-fly" syntax checking information may be incorrect. [/media/user23/data/OV7670_verilog/OV7670_verilog.srcs/sources_1/new/OV7670_top.v:]
WARNING: [filemgmt 56-199] Attempt to get parsing info during refresh. "On-the-fly" syntax checking information may be incorrect. [/media/user23/data/OV7670_verilog/OV7670_verilog.srcs/sources_1/new/vga_top.v:]
WARNING: [filemgmt 56-199] Attempt to get parsing info during refresh. "On-the-fly" syntax checking information may be incorrect. [/media/user23/data/OV7670_verilog/OV7670_verilog.srcs/sources_1/new/OV7670_top.v:]
WARNING: [filemgmt 56-199] Attempt to get parsing info during refresh. "On-the-fly" syntax checking information may be incorrect. [/media/user23/data/OV7670_verilog/OV7670_verilog.srcs/sources_1/new/OV7670_top.v:]
WARNING: [filemgmt 56-199] Attempt to get parsing info during refresh. "On-the-fly" syntax checking information may be incorrect. [/media/user23/data/OV7670_verilog/OV7670_verilog.srcs/sources_1/new/Parallel_Top.v:]
WARNING: [filemgmt 56-199] Attempt to get parsing info during refresh. "On-the-fly" syntax checking information may be incorrect. [/media/user23/data/OV7670_verilog/OV7670_verilog.srcs/sources_1/new/OV7670_top.v:]
WARNING: [filemgmt 56-199] Attempt to get parsing info during refresh. "On-the-fly" syntax checking information may be incorrect. [/media/user23/data/OV7670_verilog/OV7670_verilog.srcs/sources_1/new/vga_top.v:]
WARNING: [filemgmt 56-199] Attempt to get parsing info during refresh. "On-the-fly" syntax checking information may be incorrect. [/media/user23/data/OV7670_verilog/OV7670_verilog.srcs/sources_1/new/Parallel_Top.v:]
WARNING: [filemgmt 56-199] Attempt to get parsing info during refresh. "On-the-fly" syntax checking information may be incorrect. [/media/user23/data/OV7670_verilog/OV7670_verilog.srcs/sources_1/new/Parallel_Top.v:]
set_property top OV7670_VGA_TOP [current_fileset]
WARNING: [filemgmt 56-199] Attempt to get parsing info during refresh. "On-the-fly" syntax checking information may be incorrect. [/media/user23/data/OV7670_verilog/OV7670_verilog.srcs/sources_1/new/Parallel_Top.v:]
WARNING: [filemgmt 56-199] Attempt to get parsing info during refresh. "On-the-fly" syntax checking information may be incorrect. [/media/user23/data/OV7670_verilog/OV7670_verilog.srcs/sources_1/new/OV7670_top.v:]
WARNING: [filemgmt 56-199] Attempt to get parsing info during refresh. "On-the-fly" syntax checking information may be incorrect. [/media/user23/data/OV7670_verilog/OV7670_verilog.srcs/sources_1/new/vga_top.v:]
WARNING: [filemgmt 56-199] Attempt to get parsing info during refresh. "On-the-fly" syntax checking information may be incorrect. [/media/user23/data/OV7670_verilog/OV7670_verilog.srcs/sources_1/new/OV7670_top.v:]
WARNING: [filemgmt 56-199] Attempt to get parsing info during refresh. "On-the-fly" syntax checking information may be incorrect. [/media/user23/data/OV7670_verilog/OV7670_verilog.srcs/sources_1/new/OV7670_top.v:]
WARNING: [filemgmt 56-199] Attempt to get parsing info during refresh. "On-the-fly" syntax checking information may be incorrect. [/media/user23/data/OV7670_verilog/OV7670_verilog.srcs/sources_1/new/Parallel_Top.v:]
WARNING: [filemgmt 56-199] Attempt to get parsing info during refresh. "On-the-fly" syntax checking information may be incorrect. [/media/user23/data/OV7670_verilog/OV7670_verilog.srcs/sources_1/new/OV7670_top.v:]
WARNING: [filemgmt 56-199] Attempt to get parsing info during refresh. "On-the-fly" syntax checking information may be incorrect. [/media/user23/data/OV7670_verilog/OV7670_verilog.srcs/sources_1/new/vga_top.v:]
WARNING: [filemgmt 56-199] Attempt to get parsing info during refresh. "On-the-fly" syntax checking information may be incorrect. [/media/user23/data/OV7670_verilog/OV7670_verilog.srcs/sources_1/new/Parallel_Top.v:]
WARNING: [filemgmt 56-199] Attempt to get parsing info during refresh. "On-the-fly" syntax checking information may be incorrect. [/media/user23/data/OV7670_verilog/OV7670_verilog.srcs/sources_1/new/Parallel_Top.v:]
update_compile_order -fileset sources_1
WARNING: [filemgmt 56-199] Attempt to get parsing info during refresh. "On-the-fly" syntax checking information may be incorrect. [/media/user23/data/OV7670_verilog/OV7670_verilog.srcs/sources_1/new/Parallel_Top.v:]
WARNING: [filemgmt 56-199] Attempt to get parsing info during refresh. "On-the-fly" syntax checking information may be incorrect. [/media/user23/data/OV7670_verilog/OV7670_verilog.srcs/sources_1/new/OV7670_top.v:]
WARNING: [filemgmt 56-199] Attempt to get parsing info during refresh. "On-the-fly" syntax checking information may be incorrect. [/media/user23/data/OV7670_verilog/OV7670_verilog.srcs/sources_1/new/vga_top.v:]
WARNING: [filemgmt 56-199] Attempt to get parsing info during refresh. "On-the-fly" syntax checking information may be incorrect. [/media/user23/data/OV7670_verilog/OV7670_verilog.srcs/sources_1/new/OV7670_top.v:]
WARNING: [filemgmt 56-199] Attempt to get parsing info during refresh. "On-the-fly" syntax checking information may be incorrect. [/media/user23/data/OV7670_verilog/OV7670_verilog.srcs/sources_1/new/OV7670_top.v:]
WARNING: [filemgmt 56-199] Attempt to get parsing info during refresh. "On-the-fly" syntax checking information may be incorrect. [/media/user23/data/OV7670_verilog/OV7670_verilog.srcs/sources_1/new/Parallel_Top.v:]
WARNING: [filemgmt 56-199] Attempt to get parsing info during refresh. "On-the-fly" syntax checking information may be incorrect. [/media/user23/data/OV7670_verilog/OV7670_verilog.srcs/sources_1/new/OV7670_top.v:]
WARNING: [filemgmt 56-199] Attempt to get parsing info during refresh. "On-the-fly" syntax checking information may be incorrect. [/media/user23/data/OV7670_verilog/OV7670_verilog.srcs/sources_1/new/vga_top.v:]
WARNING: [filemgmt 56-199] Attempt to get parsing info during refresh. "On-the-fly" syntax checking information may be incorrect. [/media/user23/data/OV7670_verilog/OV7670_verilog.srcs/sources_1/new/Parallel_Top.v:]
WARNING: [filemgmt 56-199] Attempt to get parsing info during refresh. "On-the-fly" syntax checking information may be incorrect. [/media/user23/data/OV7670_verilog/OV7670_verilog.srcs/sources_1/new/Parallel_Top.v:]
reset_run synth_1
INFO: [Project 1-1161] Replacing file /media/user23/data/OV7670_verilog/OV7670_verilog.srcs/utils_1/imports/synth_1/OV7670_top.dcp with file /media/user23/data/OV7670_verilog/OV7670_verilog.runs/synth_1/OV7670_TOP_MODULE.dcp
launch_runs impl_1 -to_step write_bitstream -jobs 8
[Fri Jan 16 17:13:58 2026] Launched synth_1...
Run output will be captured here: /media/user23/data/OV7670_verilog/OV7670_verilog.runs/synth_1/runme.log
[Fri Jan 16 17:13:58 2026] Launched impl_1...
Run output will be captured here: /media/user23/data/OV7670_verilog/OV7670_verilog.runs/impl_1/runme.log
WARNING: [filemgmt 56-199] Attempt to get parsing info during refresh. "On-the-fly" syntax checking information may be incorrect. [/media/user23/data/OV7670_verilog/OV7670_verilog.srcs/sources_1/new/Parallel_Top.v:]
WARNING: [filemgmt 56-199] Attempt to get parsing info during refresh. "On-the-fly" syntax checking information may be incorrect. [/media/user23/data/OV7670_verilog/OV7670_verilog.srcs/sources_1/new/OV7670_top.v:]
WARNING: [filemgmt 56-199] Attempt to get parsing info during refresh. "On-the-fly" syntax checking information may be incorrect. [/media/user23/data/OV7670_verilog/OV7670_verilog.srcs/sources_1/new/vga_top.v:]
WARNING: [filemgmt 56-199] Attempt to get parsing info during refresh. "On-the-fly" syntax checking information may be incorrect. [/media/user23/data/OV7670_verilog/OV7670_verilog.srcs/sources_1/new/vga_top.v:]
WARNING: [filemgmt 56-199] Attempt to get parsing info during refresh. "On-the-fly" syntax checking information may be incorrect. [/media/user23/data/OV7670_verilog/OV7670_verilog.srcs/sources_1/new/vga_top.v:]
WARNING: [filemgmt 56-199] Attempt to get parsing info during refresh. "On-the-fly" syntax checking information may be incorrect. [/media/user23/data/OV7670_verilog/OV7670_verilog.srcs/sources_1/new/Parallel_Top.v:]
WARNING: [filemgmt 56-199] Attempt to get parsing info during refresh. "On-the-fly" syntax checking information may be incorrect. [/media/user23/data/OV7670_verilog/OV7670_verilog.srcs/sources_1/new/OV7670_top.v:]
WARNING: [filemgmt 56-199] Attempt to get parsing info during refresh. "On-the-fly" syntax checking information may be incorrect. [/media/user23/data/OV7670_verilog/OV7670_verilog.srcs/sources_1/new/vga_top.v:]
WARNING: [filemgmt 56-199] Attempt to get parsing info during refresh. "On-the-fly" syntax checking information may be incorrect. [/media/user23/data/OV7670_verilog/OV7670_verilog.srcs/sources_1/new/OV7670_top.v:]
WARNING: [filemgmt 56-199] Attempt to get parsing info during refresh. "On-the-fly" syntax checking information may be incorrect. [/media/user23/data/OV7670_verilog/OV7670_verilog.srcs/sources_1/new/OV7670_top.v:]
WARNING: [filemgmt 56-199] Attempt to get parsing info during refresh. "On-the-fly" syntax checking information may be incorrect. [/media/user23/data/OV7670_verilog/OV7670_verilog.srcs/sources_1/new/Parallel_Top.v:]
WARNING: [filemgmt 56-199] Attempt to get parsing info during refresh. "On-the-fly" syntax checking information may be incorrect. [/media/user23/data/OV7670_verilog/OV7670_verilog.srcs/sources_1/new/OV7670_top.v:]
WARNING: [filemgmt 56-199] Attempt to get parsing info during refresh. "On-the-fly" syntax checking information may be incorrect. [/media/user23/data/OV7670_verilog/OV7670_verilog.srcs/sources_1/new/vga_top.v:]
WARNING: [filemgmt 56-199] Attempt to get parsing info during refresh. "On-the-fly" syntax checking information may be incorrect. [/media/user23/data/OV7670_verilog/OV7670_verilog.srcs/sources_1/new/Parallel_Top.v:]
WARNING: [filemgmt 56-199] Attempt to get parsing info during refresh. "On-the-fly" syntax checking information may be incorrect. [/media/user23/data/OV7670_verilog/OV7670_verilog.srcs/sources_1/new/Parallel_Top.v:]
WARNING: [filemgmt 56-199] Attempt to get parsing info during refresh. "On-the-fly" syntax checking information may be incorrect. [/media/user23/data/OV7670_verilog/OV7670_verilog.srcs/sources_1/new/Parallel_Top.v:]
WARNING: [filemgmt 56-199] Attempt to get parsing info during refresh. "On-the-fly" syntax checking information may be incorrect. [/media/user23/data/OV7670_verilog/OV7670_verilog.srcs/sources_1/new/OV7670_top.v:]
WARNING: [filemgmt 56-199] Attempt to get parsing info during refresh. "On-the-fly" syntax checking information may be incorrect. [/media/user23/data/OV7670_verilog/OV7670_verilog.srcs/sources_1/new/vga_top.v:]
WARNING: [filemgmt 56-199] Attempt to get parsing info during refresh. "On-the-fly" syntax checking information may be incorrect. [/media/user23/data/OV7670_verilog/OV7670_verilog.srcs/sources_1/new/OV7670_top.v:]
WARNING: [filemgmt 56-199] Attempt to get parsing info during refresh. "On-the-fly" syntax checking information may be incorrect. [/media/user23/data/OV7670_verilog/OV7670_verilog.srcs/sources_1/new/OV7670_top.v:]
reset_run synth_1
launch_runs impl_1 -to_step write_bitstream -jobs 8
[Fri Jan 16 17:19:27 2026] Launched synth_1...
Run output will be captured here: /media/user23/data/OV7670_verilog/OV7670_verilog.runs/synth_1/runme.log
[Fri Jan 16 17:19:27 2026] Launched impl_1...
Run output will be captured here: /media/user23/data/OV7670_verilog/OV7670_verilog.runs/impl_1/runme.log
WARNING: [filemgmt 56-199] Attempt to get parsing info during refresh. "On-the-fly" syntax checking information may be incorrect. [/media/user23/data/OV7670_verilog/OV7670_verilog.srcs/sources_1/new/Parallel_Top.v:]
WARNING: [filemgmt 56-199] Attempt to get parsing info during refresh. "On-the-fly" syntax checking information may be incorrect. [/media/user23/data/OV7670_verilog/OV7670_verilog.srcs/sources_1/new/OV7670_top.v:]
WARNING: [filemgmt 56-199] Attempt to get parsing info during refresh. "On-the-fly" syntax checking information may be incorrect. [/media/user23/data/OV7670_verilog/OV7670_verilog.srcs/sources_1/new/vga_top.v:]
WARNING: [filemgmt 56-199] Attempt to get parsing info during refresh. "On-the-fly" syntax checking information may be incorrect. [/media/user23/data/OV7670_verilog/OV7670_verilog.srcs/sources_1/new/OV7670_top.v:]
WARNING: [filemgmt 56-199] Attempt to get parsing info during refresh. "On-the-fly" syntax checking information may be incorrect. [/media/user23/data/OV7670_verilog/OV7670_verilog.srcs/sources_1/new/OV7670_top.v:]
WARNING: [filemgmt 56-199] Attempt to get parsing info during refresh. "On-the-fly" syntax checking information may be incorrect. [/media/user23/data/OV7670_verilog/OV7670_verilog.srcs/sources_1/new/Parallel_Top.v:]
WARNING: [filemgmt 56-199] Attempt to get parsing info during refresh. "On-the-fly" syntax checking information may be incorrect. [/media/user23/data/OV7670_verilog/OV7670_verilog.srcs/sources_1/new/OV7670_top.v:]
WARNING: [filemgmt 56-199] Attempt to get parsing info during refresh. "On-the-fly" syntax checking information may be incorrect. [/media/user23/data/OV7670_verilog/OV7670_verilog.srcs/sources_1/new/vga_top.v:]
WARNING: [filemgmt 56-199] Attempt to get parsing info during refresh. "On-the-fly" syntax checking information may be incorrect. [/media/user23/data/OV7670_verilog/OV7670_verilog.srcs/sources_1/new/Parallel_Top.v:]
WARNING: [filemgmt 56-199] Attempt to get parsing info during refresh. "On-the-fly" syntax checking information may be incorrect. [/media/user23/data/OV7670_verilog/OV7670_verilog.srcs/sources_1/new/Parallel_Top.v:]
WARNING: [filemgmt 56-199] Attempt to get parsing info during refresh. "On-the-fly" syntax checking information may be incorrect. [/media/user23/data/OV7670_verilog/OV7670_verilog.srcs/sources_1/new/Parallel_Top.v:]
WARNING: [filemgmt 56-199] Attempt to get parsing info during refresh. "On-the-fly" syntax checking information may be incorrect. [/media/user23/data/OV7670_verilog/OV7670_verilog.srcs/sources_1/new/OV7670_top.v:]
WARNING: [filemgmt 56-199] Attempt to get parsing info during refresh. "On-the-fly" syntax checking information may be incorrect. [/media/user23/data/OV7670_verilog/OV7670_verilog.srcs/sources_1/new/vga_top.v:]
WARNING: [filemgmt 56-199] Attempt to get parsing info during refresh. "On-the-fly" syntax checking information may be incorrect. [/media/user23/data/OV7670_verilog/OV7670_verilog.srcs/sources_1/new/OV7670_top.v:]
WARNING: [filemgmt 56-199] Attempt to get parsing info during refresh. "On-the-fly" syntax checking information may be incorrect. [/media/user23/data/OV7670_verilog/OV7670_verilog.srcs/sources_1/new/OV7670_top.v:]
WARNING: [filemgmt 56-199] Attempt to get parsing info during refresh. "On-the-fly" syntax checking information may be incorrect. [/media/user23/data/OV7670_verilog/OV7670_verilog.srcs/sources_1/new/Parallel_Top.v:]
WARNING: [filemgmt 56-199] Attempt to get parsing info during refresh. "On-the-fly" syntax checking information may be incorrect. [/media/user23/data/OV7670_verilog/OV7670_verilog.srcs/sources_1/new/OV7670_top.v:]
WARNING: [filemgmt 56-199] Attempt to get parsing info during refresh. "On-the-fly" syntax checking information may be incorrect. [/media/user23/data/OV7670_verilog/OV7670_verilog.srcs/sources_1/new/vga_top.v:]
WARNING: [filemgmt 56-199] Attempt to get parsing info during refresh. "On-the-fly" syntax checking information may be incorrect. [/media/user23/data/OV7670_verilog/OV7670_verilog.srcs/sources_1/new/Parallel_Top.v:]
WARNING: [filemgmt 56-199] Attempt to get parsing info during refresh. "On-the-fly" syntax checking information may be incorrect. [/media/user23/data/OV7670_verilog/OV7670_verilog.srcs/sources_1/new/Parallel_Top.v:]
reset_run synth_1
launch_runs impl_1 -to_step write_bitstream -jobs 8
[Fri Jan 16 17:22:04 2026] Launched synth_1...
Run output will be captured here: /media/user23/data/OV7670_verilog/OV7670_verilog.runs/synth_1/runme.log
[Fri Jan 16 17:22:04 2026] Launched impl_1...
Run output will be captured here: /media/user23/data/OV7670_verilog/OV7670_verilog.runs/impl_1/runme.log
WARNING: [filemgmt 56-199] Attempt to get parsing info during refresh. "On-the-fly" syntax checking information may be incorrect. [/media/user23/data/OV7670_verilog/OV7670_verilog.srcs/sources_1/new/Parallel_Top.v:]
WARNING: [filemgmt 56-199] Attempt to get parsing info during refresh. "On-the-fly" syntax checking information may be incorrect. [/media/user23/data/OV7670_verilog/OV7670_verilog.srcs/sources_1/new/OV7670_top.v:]
WARNING: [filemgmt 56-199] Attempt to get parsing info during refresh. "On-the-fly" syntax checking information may be incorrect. [/media/user23/data/OV7670_verilog/OV7670_verilog.srcs/sources_1/new/vga_top.v:]
WARNING: [filemgmt 56-199] Attempt to get parsing info during refresh. "On-the-fly" syntax checking information may be incorrect. [/media/user23/data/OV7670_verilog/OV7670_verilog.srcs/sources_1/new/Parallel_Top.v:]
WARNING: [filemgmt 56-199] Attempt to get parsing info during refresh. "On-the-fly" syntax checking information may be incorrect. [/media/user23/data/OV7670_verilog/OV7670_verilog.srcs/sources_1/new/Parallel_Top.v:]
WARNING: [filemgmt 56-199] Attempt to get parsing info during refresh. "On-the-fly" syntax checking information may be incorrect. [/media/user23/data/OV7670_verilog/OV7670_verilog.srcs/sources_1/new/Parallel_Top.v:]
WARNING: [filemgmt 56-199] Attempt to get parsing info during refresh. "On-the-fly" syntax checking information may be incorrect. [/media/user23/data/OV7670_verilog/OV7670_verilog.srcs/sources_1/new/OV7670_top.v:]
WARNING: [filemgmt 56-199] Attempt to get parsing info during refresh. "On-the-fly" syntax checking information may be incorrect. [/media/user23/data/OV7670_verilog/OV7670_verilog.srcs/sources_1/new/vga_top.v:]
WARNING: [filemgmt 56-199] Attempt to get parsing info during refresh. "On-the-fly" syntax checking information may be incorrect. [/media/user23/data/OV7670_verilog/OV7670_verilog.srcs/sources_1/new/vga_top.v:]
WARNING: [filemgmt 56-199] Attempt to get parsing info during refresh. "On-the-fly" syntax checking information may be incorrect. [/media/user23/data/OV7670_verilog/OV7670_verilog.srcs/sources_1/new/vga_top.v:]
update_compile_order -fileset sources_1
WARNING: [filemgmt 56-199] Attempt to get parsing info during refresh. "On-the-fly" syntax checking information may be incorrect. [/media/user23/data/OV7670_verilog/OV7670_verilog.srcs/sources_1/new/Parallel_Top.v:]
WARNING: [filemgmt 56-199] Attempt to get parsing info during refresh. "On-the-fly" syntax checking information may be incorrect. [/media/user23/data/OV7670_verilog/OV7670_verilog.srcs/sources_1/new/OV7670_top.v:]
WARNING: [filemgmt 56-199] Attempt to get parsing info during refresh. "On-the-fly" syntax checking information may be incorrect. [/media/user23/data/OV7670_verilog/OV7670_verilog.srcs/sources_1/new/vga_top.v:]
WARNING: [filemgmt 56-199] Attempt to get parsing info during refresh. "On-the-fly" syntax checking information may be incorrect. [/media/user23/data/OV7670_verilog/OV7670_verilog.srcs/sources_1/new/OV7670_top.v:]
WARNING: [filemgmt 56-199] Attempt to get parsing info during refresh. "On-the-fly" syntax checking information may be incorrect. [/media/user23/data/OV7670_verilog/OV7670_verilog.srcs/sources_1/new/OV7670_top.v:]
WARNING: [filemgmt 56-199] Attempt to get parsing info during refresh. "On-the-fly" syntax checking information may be incorrect. [/media/user23/data/OV7670_verilog/OV7670_verilog.srcs/sources_1/new/Parallel_Top.v:]
WARNING: [filemgmt 56-199] Attempt to get parsing info during refresh. "On-the-fly" syntax checking information may be incorrect. [/media/user23/data/OV7670_verilog/OV7670_verilog.srcs/sources_1/new/OV7670_top.v:]
WARNING: [filemgmt 56-199] Attempt to get parsing info during refresh. "On-the-fly" syntax checking information may be incorrect. [/media/user23/data/OV7670_verilog/OV7670_verilog.srcs/sources_1/new/vga_top.v:]
WARNING: [filemgmt 56-199] Attempt to get parsing info during refresh. "On-the-fly" syntax checking information may be incorrect. [/media/user23/data/OV7670_verilog/OV7670_verilog.srcs/sources_1/new/Parallel_Top.v:]
WARNING: [filemgmt 56-199] Attempt to get parsing info during refresh. "On-the-fly" syntax checking information may be incorrect. [/media/user23/data/OV7670_verilog/OV7670_verilog.srcs/sources_1/new/Parallel_Top.v:]
WARNING: [filemgmt 56-199] Attempt to get parsing info during refresh. "On-the-fly" syntax checking information may be incorrect. [/media/user23/data/OV7670_verilog/OV7670_verilog.srcs/sources_1/new/Parallel_Top.v:]
WARNING: [filemgmt 56-199] Attempt to get parsing info during refresh. "On-the-fly" syntax checking information may be incorrect. [/media/user23/data/OV7670_verilog/OV7670_verilog.srcs/sources_1/new/OV7670_top.v:]
WARNING: [filemgmt 56-199] Attempt to get parsing info during refresh. "On-the-fly" syntax checking information may be incorrect. [/media/user23/data/OV7670_verilog/OV7670_verilog.srcs/sources_1/new/vga_top.v:]
WARNING: [filemgmt 56-199] Attempt to get parsing info during refresh. "On-the-fly" syntax checking information may be incorrect. [/media/user23/data/OV7670_verilog/OV7670_verilog.srcs/sources_1/new/OV7670_top.v:]
WARNING: [filemgmt 56-199] Attempt to get parsing info during refresh. "On-the-fly" syntax checking information may be incorrect. [/media/user23/data/OV7670_verilog/OV7670_verilog.srcs/sources_1/new/OV7670_top.v:]
WARNING: [filemgmt 56-199] Attempt to get parsing info during refresh. "On-the-fly" syntax checking information may be incorrect. [/media/user23/data/OV7670_verilog/OV7670_verilog.srcs/sources_1/new/Parallel_Top.v:]
WARNING: [filemgmt 56-199] Attempt to get parsing info during refresh. "On-the-fly" syntax checking information may be incorrect. [/media/user23/data/OV7670_verilog/OV7670_verilog.srcs/sources_1/new/OV7670_top.v:]
WARNING: [filemgmt 56-199] Attempt to get parsing info during refresh. "On-the-fly" syntax checking information may be incorrect. [/media/user23/data/OV7670_verilog/OV7670_verilog.srcs/sources_1/new/vga_top.v:]
WARNING: [filemgmt 56-199] Attempt to get parsing info during refresh. "On-the-fly" syntax checking information may be incorrect. [/media/user23/data/OV7670_verilog/OV7670_verilog.srcs/sources_1/new/Parallel_Top.v:]
WARNING: [filemgmt 56-199] Attempt to get parsing info during refresh. "On-the-fly" syntax checking information may be incorrect. [/media/user23/data/OV7670_verilog/OV7670_verilog.srcs/sources_1/new/Parallel_Top.v:]
update_compile_order -fileset sources_1
WARNING: [filemgmt 56-199] Attempt to get parsing info during refresh. "On-the-fly" syntax checking information may be incorrect. [/media/user23/data/OV7670_verilog/OV7670_verilog.srcs/sources_1/new/Parallel_Top.v:]
WARNING: [filemgmt 56-199] Attempt to get parsing info during refresh. "On-the-fly" syntax checking information may be incorrect. [/media/user23/data/OV7670_verilog/OV7670_verilog.srcs/sources_1/new/OV7670_top.v:]
WARNING: [filemgmt 56-199] Attempt to get parsing info during refresh. "On-the-fly" syntax checking information may be incorrect. [/media/user23/data/OV7670_verilog/OV7670_verilog.srcs/sources_1/new/vga_top.v:]
WARNING: [filemgmt 56-199] Attempt to get parsing info during refresh. "On-the-fly" syntax checking information may be incorrect. [/media/user23/data/OV7670_verilog/OV7670_verilog.srcs/sources_1/new/OV7670_top.v:]
WARNING: [filemgmt 56-199] Attempt to get parsing info during refresh. "On-the-fly" syntax checking information may be incorrect. [/media/user23/data/OV7670_verilog/OV7670_verilog.srcs/sources_1/new/OV7670_top.v:]
WARNING: [filemgmt 56-199] Attempt to get parsing info during refresh. "On-the-fly" syntax checking information may be incorrect. [/media/user23/data/OV7670_verilog/OV7670_verilog.srcs/sources_1/new/Parallel_Top.v:]
WARNING: [filemgmt 56-199] Attempt to get parsing info during refresh. "On-the-fly" syntax checking information may be incorrect. [/media/user23/data/OV7670_verilog/OV7670_verilog.srcs/sources_1/new/OV7670_top.v:]
WARNING: [filemgmt 56-199] Attempt to get parsing info during refresh. "On-the-fly" syntax checking information may be incorrect. [/media/user23/data/OV7670_verilog/OV7670_verilog.srcs/sources_1/new/vga_top.v:]
WARNING: [filemgmt 56-199] Attempt to get parsing info during refresh. "On-the-fly" syntax checking information may be incorrect. [/media/user23/data/OV7670_verilog/OV7670_verilog.srcs/sources_1/new/Parallel_Top.v:]
WARNING: [filemgmt 56-199] Attempt to get parsing info during refresh. "On-the-fly" syntax checking information may be incorrect. [/media/user23/data/OV7670_verilog/OV7670_verilog.srcs/sources_1/new/Parallel_Top.v:]
set_property top camera_vga_direct [current_fileset]
WARNING: [filemgmt 56-199] Attempt to get parsing info during refresh. "On-the-fly" syntax checking information may be incorrect. [/media/user23/data/OV7670_verilog/OV7670_verilog.srcs/sources_1/new/Parallel_Top.v:]
WARNING: [filemgmt 56-199] Attempt to get parsing info during refresh. "On-the-fly" syntax checking information may be incorrect. [/media/user23/data/OV7670_verilog/OV7670_verilog.srcs/sources_1/new/OV7670_top.v:]
WARNING: [filemgmt 56-199] Attempt to get parsing info during refresh. "On-the-fly" syntax checking information may be incorrect. [/media/user23/data/OV7670_verilog/OV7670_verilog.srcs/sources_1/new/vga_top.v:]
WARNING: [filemgmt 56-199] Attempt to get parsing info during refresh. "On-the-fly" syntax checking information may be incorrect. [/media/user23/data/OV7670_verilog/OV7670_verilog.srcs/sources_1/new/OV7670_top.v:]
WARNING: [filemgmt 56-199] Attempt to get parsing info during refresh. "On-the-fly" syntax checking information may be incorrect. [/media/user23/data/OV7670_verilog/OV7670_verilog.srcs/sources_1/new/OV7670_top.v:]
WARNING: [filemgmt 56-199] Attempt to get parsing info during refresh. "On-the-fly" syntax checking information may be incorrect. [/media/user23/data/OV7670_verilog/OV7670_verilog.srcs/sources_1/new/Parallel_Top.v:]
WARNING: [filemgmt 56-199] Attempt to get parsing info during refresh. "On-the-fly" syntax checking information may be incorrect. [/media/user23/data/OV7670_verilog/OV7670_verilog.srcs/sources_1/new/OV7670_top.v:]
WARNING: [filemgmt 56-199] Attempt to get parsing info during refresh. "On-the-fly" syntax checking information may be incorrect. [/media/user23/data/OV7670_verilog/OV7670_verilog.srcs/sources_1/new/vga_top.v:]
WARNING: [filemgmt 56-199] Attempt to get parsing info during refresh. "On-the-fly" syntax checking information may be incorrect. [/media/user23/data/OV7670_verilog/OV7670_verilog.srcs/sources_1/new/Parallel_Top.v:]
WARNING: [filemgmt 56-199] Attempt to get parsing info during refresh. "On-the-fly" syntax checking information may be incorrect. [/media/user23/data/OV7670_verilog/OV7670_verilog.srcs/sources_1/new/Parallel_Top.v:]
update_compile_order -fileset sources_1
WARNING: [filemgmt 56-199] Attempt to get parsing info during refresh. "On-the-fly" syntax checking information may be incorrect. [/media/user23/data/OV7670_verilog/OV7670_verilog.srcs/sources_1/new/Parallel_Top.v:]
WARNING: [filemgmt 56-199] Attempt to get parsing info during refresh. "On-the-fly" syntax checking information may be incorrect. [/media/user23/data/OV7670_verilog/OV7670_verilog.srcs/sources_1/new/OV7670_top.v:]
WARNING: [filemgmt 56-199] Attempt to get parsing info during refresh. "On-the-fly" syntax checking information may be incorrect. [/media/user23/data/OV7670_verilog/OV7670_verilog.srcs/sources_1/new/vga_top.v:]
WARNING: [filemgmt 56-199] Attempt to get parsing info during refresh. "On-the-fly" syntax checking information may be incorrect. [/media/user23/data/OV7670_verilog/OV7670_verilog.srcs/sources_1/new/OV7670_top.v:]
WARNING: [filemgmt 56-199] Attempt to get parsing info during refresh. "On-the-fly" syntax checking information may be incorrect. [/media/user23/data/OV7670_verilog/OV7670_verilog.srcs/sources_1/new/OV7670_top.v:]
WARNING: [filemgmt 56-199] Attempt to get parsing info during refresh. "On-the-fly" syntax checking information may be incorrect. [/media/user23/data/OV7670_verilog/OV7670_verilog.srcs/sources_1/new/Parallel_Top.v:]
WARNING: [filemgmt 56-199] Attempt to get parsing info during refresh. "On-the-fly" syntax checking information may be incorrect. [/media/user23/data/OV7670_verilog/OV7670_verilog.srcs/sources_1/new/OV7670_top.v:]
WARNING: [filemgmt 56-199] Attempt to get parsing info during refresh. "On-the-fly" syntax checking information may be incorrect. [/media/user23/data/OV7670_verilog/OV7670_verilog.srcs/sources_1/new/vga_top.v:]
WARNING: [filemgmt 56-199] Attempt to get parsing info during refresh. "On-the-fly" syntax checking information may be incorrect. [/media/user23/data/OV7670_verilog/OV7670_verilog.srcs/sources_1/new/Parallel_Top.v:]
WARNING: [filemgmt 56-199] Attempt to get parsing info during refresh. "On-the-fly" syntax checking information may be incorrect. [/media/user23/data/OV7670_verilog/OV7670_verilog.srcs/sources_1/new/Parallel_Top.v:]
reset_run synth_1
INFO: [Project 1-1161] Replacing file /media/user23/data/OV7670_verilog/OV7670_verilog.srcs/utils_1/imports/synth_1/OV7670_top.dcp with file /media/user23/data/OV7670_verilog/OV7670_verilog.runs/synth_1/OV7670_VGA_TOP.dcp
launch_runs impl_1 -to_step write_bitstream -jobs 8
[Fri Jan 16 17:45:59 2026] Launched synth_1...
Run output will be captured here: /media/user23/data/OV7670_verilog/OV7670_verilog.runs/synth_1/runme.log
[Fri Jan 16 17:45:59 2026] Launched impl_1...
Run output will be captured here: /media/user23/data/OV7670_verilog/OV7670_verilog.runs/impl_1/runme.log
WARNING: [filemgmt 56-199] Attempt to get parsing info during refresh. "On-the-fly" syntax checking information may be incorrect. [/media/user23/data/OV7670_verilog/OV7670_verilog.srcs/sources_1/new/Parallel_Top.v:]
WARNING: [filemgmt 56-199] Attempt to get parsing info during refresh. "On-the-fly" syntax checking information may be incorrect. [/media/user23/data/OV7670_verilog/OV7670_verilog.srcs/sources_1/new/OV7670_top.v:]
WARNING: [filemgmt 56-199] Attempt to get parsing info during refresh. "On-the-fly" syntax checking information may be incorrect. [/media/user23/data/OV7670_verilog/OV7670_verilog.srcs/sources_1/new/vga_top.v:]
WARNING: [filemgmt 56-199] Attempt to get parsing info during refresh. "On-the-fly" syntax checking information may be incorrect. [/media/user23/data/OV7670_verilog/OV7670_verilog.srcs/sources_1/new/OV7670_top.v:]
WARNING: [filemgmt 56-199] Attempt to get parsing info during refresh. "On-the-fly" syntax checking information may be incorrect. [/media/user23/data/OV7670_verilog/OV7670_verilog.srcs/sources_1/new/OV7670_top.v:]
WARNING: [filemgmt 56-199] Attempt to get parsing info during refresh. "On-the-fly" syntax checking information may be incorrect. [/media/user23/data/OV7670_verilog/OV7670_verilog.srcs/sources_1/new/Parallel_Top.v:]
WARNING: [filemgmt 56-199] Attempt to get parsing info during refresh. "On-the-fly" syntax checking information may be incorrect. [/media/user23/data/OV7670_verilog/OV7670_verilog.srcs/sources_1/new/OV7670_top.v:]
WARNING: [filemgmt 56-199] Attempt to get parsing info during refresh. "On-the-fly" syntax checking information may be incorrect. [/media/user23/data/OV7670_verilog/OV7670_verilog.srcs/sources_1/new/vga_top.v:]
WARNING: [filemgmt 56-199] Attempt to get parsing info during refresh. "On-the-fly" syntax checking information may be incorrect. [/media/user23/data/OV7670_verilog/OV7670_verilog.srcs/sources_1/new/Parallel_Top.v:]
WARNING: [filemgmt 56-199] Attempt to get parsing info during refresh. "On-the-fly" syntax checking information may be incorrect. [/media/user23/data/OV7670_verilog/OV7670_verilog.srcs/sources_1/new/Parallel_Top.v:]
exit
INFO: [Common 17-206] Exiting Vivado at Fri Jan 16 17:48:54 2026...
